<?xml version="1.0" encoding="UTF-8"?>
<!-- Generated by org.testng.reporters.JUnitXMLReporter -->
<testsuite ignored="1" hostname="LAPTOP-56F6TDJG" failures="0" tests="1" name="Default test" time="18.392" errors="0" timestamp="2022-08-27T09:53:37 IST">
  <testcase classname="Test.HomePageTest" name="LoginNewUser" time="7.617"/>
  <testcase classname="Test.HomePageTest" name="LoginToHomePage" time="0.0">
    <ignored/>
  </testcase> <!-- LoginToHomePage -->
</testsuite> <!-- Default test -->
