<?xml version="1.0" encoding="UTF-8"?>
<testng-results ignored="1" total="2" passed="1" failed="0" skipped="0">
  <reporter-output>
  </reporter-output>
  <suite started-at="2022-08-27T09:53:19 IST" name="Default suite" finished-at="2022-08-27T09:53:37 IST" duration-ms="18392">
    <groups>
    </groups>
    <test started-at="2022-08-27T09:53:19 IST" name="Default test" finished-at="2022-08-27T09:53:37 IST" duration-ms="18392">
      <class name="Test.HomePageTest">
        <test-method is-config="true" signature="launchBrowser()[pri:0, instance:Test.HomePageTest@51e69659]" started-at="2022-08-27T09:53:19 IST" name="launchBrowser" finished-at="2022-08-27T09:53:29 IST" duration-ms="10537" status="PASS">
          <reporter-output>
          </reporter-output>
        </test-method> <!-- launchBrowser -->
        <test-method signature="LoginNewUser()[pri:0, instance:Test.HomePageTest@51e69659]" started-at="2022-08-27T09:53:29 IST" name="LoginNewUser" finished-at="2022-08-27T09:53:37 IST" duration-ms="7617" status="PASS">
          <reporter-output>
          </reporter-output>
        </test-method> <!-- LoginNewUser -->
      </class> <!-- Test.HomePageTest -->
    </test> <!-- Default test -->
  </suite> <!-- Default suite -->
</testng-results>
